27.5336 	INFO 	Loaded monitor calibration from ['2024_07_05 16:35']
27.5505 	WARNING 	User requested fullscreen with size [1536  864], but screen is actually [1920, 1080]. Using actual size
28.6457 	EXP 	Created window1 = Window(allowGUI=False, allowStencil=False, autoLog=True, backendConf=UNKNOWN, backgroundFit=<method-wrapper '__getattribute__' of attributeSetter object at 0x0000015B1B3C5CC0>, backgroundImage=<method-wrapper '__getattribute__' of attributeSetter object at 0x0000015B1B3C5C60>, bitsMode=UNKNOWN, blendMode='avg', bpc=(8, 8, 8), color=array([0, 0, 0]), colorSpace='rgb', depthBits=8, fullscr=True, gamma=None, gammaErrorPolicy='raise', infoMsg=UNKNOWN, lms=UNKNOWN, monitor=<psychopy.monitors.calibTools.Monitor object at 0x0000015B25D7D360>, multiSample=False, name='window1', numSamples=2, pos=[0.0, 0.0], screen=0, size=array([1920, 1080]), stencilBits=0, stereo=False, title='PsychoPy', units='height', useFBO=True, useRetina=False, viewOri=0.0, viewPos=None, viewScale=None, waitBlanking=True, winType='pyglet')
28.6457 	EXP 	window1: backgroundImage = ''
28.6458 	EXP 	window1: backgroundFit = 'none'
28.7853 	EXP 	window1: Attempting to measure frame rate of screen (0) ...
28.7853 	EXP 	window1: recordFrameIntervals = False
28.9147 	EXP 	window1: recordFrameIntervals = True
29.0984 	EXP 	Screen (0) actual frame rate measured at 60.12Hz
29.0985 	EXP 	window1: recordFrameIntervals = False
35.4701 	INFO 	keyboard.Keyboard is using iohub backend.
35.4701 	INFO 	keyboard.Keyboard is using iohub backend.
35.4701 	INFO 	keyboard.Keyboard is using iohub backend.
35.4702 	INFO 	keyboard.Keyboard is using iohub backend.
35.4702 	INFO 	keyboard.Keyboard is using iohub backend.
35.4702 	EXP 	ContrastSen: status = STARTED
35.7625 	EXP 	Created Instructions = TextStim(__class__=<class 'psychopy.visual.text.TextStim'>, alignHoriz=method-wrapper(...), alignText='center', alignVert=method-wrapper(...), anchorHoriz='center', anchorVert='center', antialias=True, autoDraw=False, autoLog=True, bold=False, color=array([1., 1., 1.]), colorSpace='rgb', contrast=1.0, depth=0.0, draggable=False, flipHoriz=False, flipVert=False, font='Arial', fontFiles=[], height=0.05, italic=False, languageStyle='LTR', name='Instructions', opacity=1, ori=0.0, pos=array([0., 0.]), rgb=UNKNOWN, text=str(...), units='height', win=Window(...), wrapWidth=1)
35.7714 	EXP 	Created Arrow = ShapeStim(__class__=<class 'psychopy.visual.shape.ShapeStim'>, anchor=('center', 'center'), autoDraw=False, autoLog=True, closeShape=True, color=method-wrapper(...), colorSpace='rgb', contrast=None, depth=-1.0, draggable=False, fillColor=array([1, 1, 1]), fillColorSpace='rgb', fillRGB=array([1, 1, 1]), interpolate=True, lineColor=array([1., 1., 1.]), lineColorSpace='rgb', lineRGB=array([1, 1, 1]), lineWidth=1.0, name='Arrow', opacity=1, ori=1.0, pos=array([0., 0.]), size=array([0.5, 0.5]), units='height', vertices=ndarray(...), win=Window(...), windingRule=None)
35.7799 	EXP 	Created Change_eye = TextStim(__class__=<class 'psychopy.visual.text.TextStim'>, alignHoriz=method-wrapper(...), alignText='center', alignVert=method-wrapper(...), anchorHoriz='center', anchorVert='center', antialias=True, autoDraw=False, autoLog=True, bold=False, color=array([1., 1., 1.]), colorSpace='rgb', contrast=1.0, depth=-1.0, draggable=False, flipHoriz=False, flipVert=False, font='Arial', fontFiles=[], height=0.05, italic=False, languageStyle='LTR', name='Change_eye', opacity=1, ori=0.0, pos=array([0., 0.]), rgb=UNKNOWN, text=str(...), units='height', win=Window(...), wrapWidth=1)
35.7812 	EXP 	Created Arrow2 = ShapeStim(__class__=<class 'psychopy.visual.shape.ShapeStim'>, anchor=('center', 'center'), autoDraw=False, autoLog=True, closeShape=True, color=method-wrapper(...), colorSpace='rgb', contrast=None, depth=-1.0, draggable=False, fillColor=array([1, 1, 1]), fillColorSpace='rgb', fillRGB=array([1, 1, 1]), interpolate=True, lineColor=array([1., 1., 1.]), lineColorSpace='rgb', lineRGB=array([1, 1, 1]), lineWidth=1.0, name='Arrow2', opacity=1, ori=1.0, pos=array([0., 0.]), size=array([0.5, 0.5]), units='height', vertices=ndarray(...), win=Window(...), windingRule=None)
0.0069 	INFO 	Keyboard events cleared
0.0063 	EXP 	Instructions: autoDraw = True
11.3262 	DATA 	Keypress: space
11.3295 	INFO 	Keyboard events cleared
11.3290 	EXP 	Instructions: autoDraw = False
11.3290 	EXP 	Arrow: ori = 180.0
11.3290 	EXP 	Arrow: autoDraw = True
12.7528 	DATA 	Keypress: down
12.7671 	INFO 	Keyboard events cleared
12.7667 	EXP 	Arrow: autoDraw = False
12.7667 	EXP 	Arrow: ori = 270.0
12.7667 	EXP 	Arrow: autoDraw = True
13.5524 	DATA 	Keypress: left
13.5674 	INFO 	Keyboard events cleared
13.5668 	EXP 	Arrow: autoDraw = False
13.5668 	EXP 	Arrow: ori = 90.0
13.5668 	EXP 	Arrow: autoDraw = True
14.1187 	DATA 	Keypress: right
14.1333 	INFO 	Keyboard events cleared
14.1329 	EXP 	Arrow: autoDraw = False
14.1329 	EXP 	Arrow: ori = 0.0
14.1329 	EXP 	Arrow: autoDraw = True
15.0033 	DATA 	Keypress: up
15.0171 	INFO 	Keyboard events cleared
15.0167 	EXP 	Arrow: autoDraw = False
15.0167 	EXP 	Arrow: ori = 0.0
15.0167 	EXP 	Arrow: autoDraw = True
24.2852 	DATA 	Keypress: up
24.2997 	INFO 	Keyboard events cleared
24.2994 	EXP 	Arrow: autoDraw = False
24.2994 	EXP 	Arrow: ori = 270.0
24.2994 	EXP 	Arrow: autoDraw = True
25.9353 	DATA 	Keypress: up
25.9503 	INFO 	Keyboard events cleared
25.9497 	EXP 	Arrow: autoDraw = False
25.9497 	EXP 	Arrow: ori = 90.0
25.9497 	EXP 	Arrow: autoDraw = True
27.5210 	DATA 	Keypress: up
27.5334 	INFO 	Keyboard events cleared
27.5330 	EXP 	Arrow: autoDraw = False
27.5330 	EXP 	Arrow: ori = 180.0
27.5330 	EXP 	Arrow: autoDraw = True
28.3546 	DATA 	Keypress: up
28.3669 	INFO 	Keyboard events cleared
28.3662 	EXP 	Arrow: autoDraw = False
28.3662 	EXP 	Arrow: ori = 270.0
28.3662 	EXP 	Arrow: autoDraw = True
29.2860 	DATA 	Keypress: left
29.2998 	INFO 	Keyboard events cleared
29.2995 	EXP 	Arrow: autoDraw = False
29.2995 	EXP 	Arrow: ori = 270.0
29.2995 	EXP 	Arrow: autoDraw = True
30.7522 	DATA 	Keypress: left
30.7837 	INFO 	Keyboard events cleared
30.7830 	EXP 	Arrow: autoDraw = False
30.7830 	EXP 	Arrow: ori = 90.0
30.7830 	EXP 	Arrow: autoDraw = True
31.3676 	DATA 	Keypress: right
31.3997 	INFO 	Keyboard events cleared
31.3993 	EXP 	Arrow: autoDraw = False
31.3993 	EXP 	Arrow: ori = 0.0
31.3993 	EXP 	Arrow: autoDraw = True
32.9872 	DATA 	Keypress: right
32.9997 	INFO 	Keyboard events cleared
32.9994 	EXP 	Arrow: autoDraw = False
32.9994 	EXP 	Arrow: ori = 0.0
32.9994 	EXP 	Arrow: autoDraw = True
34.4512 	DATA 	Keypress: right
34.4662 	INFO 	Keyboard events cleared
34.4659 	EXP 	Arrow: autoDraw = False
34.4659 	EXP 	Arrow: ori = 0.0
34.4659 	EXP 	Arrow: autoDraw = True
35.4367 	DATA 	Keypress: up
35.4497 	INFO 	Keyboard events cleared
35.4493 	EXP 	Arrow: autoDraw = False
35.4493 	EXP 	Arrow: ori = 180.0
35.4493 	EXP 	Arrow: autoDraw = True
36.2513 	DATA 	Keypress: down
36.2663 	INFO 	Keyboard events cleared
36.2659 	EXP 	Arrow: autoDraw = False
36.2659 	EXP 	Arrow: ori = 270.0
36.2659 	EXP 	Arrow: autoDraw = True
36.9865 	DATA 	Keypress: left
36.9995 	INFO 	Keyboard events cleared
36.9991 	EXP 	Arrow: autoDraw = False
36.9991 	EXP 	Arrow: ori = 270.0
36.9991 	EXP 	Arrow: autoDraw = True
37.8022 	DATA 	Keypress: left
37.8161 	INFO 	Keyboard events cleared
37.8158 	EXP 	Arrow: autoDraw = False
37.8158 	EXP 	Arrow: ori = 90.0
37.8158 	EXP 	Arrow: autoDraw = True
38.4178 	DATA 	Keypress: right
38.4331 	INFO 	Keyboard events cleared
38.4325 	EXP 	Arrow: autoDraw = False
38.4325 	EXP 	Arrow: ori = 180.0
38.4325 	EXP 	Arrow: autoDraw = True
39.2189 	DATA 	Keypress: down
39.2333 	INFO 	Keyboard events cleared
39.2327 	EXP 	Arrow: autoDraw = False
39.2327 	EXP 	Arrow: ori = 0.0
39.2327 	EXP 	Arrow: autoDraw = True
39.8195 	DATA 	Keypress: up
39.8331 	INFO 	Keyboard events cleared
39.8327 	EXP 	Arrow: autoDraw = False
39.8327 	EXP 	Arrow: ori = 90.0
39.8327 	EXP 	Arrow: autoDraw = True
40.7356 	DATA 	Keypress: right
40.7494 	INFO 	Keyboard events cleared
40.7491 	EXP 	Arrow: autoDraw = False
40.7491 	EXP 	Arrow: ori = 90.0
40.7491 	EXP 	Arrow: autoDraw = True
41.8850 	DATA 	Keypress: right
41.8996 	INFO 	Keyboard events cleared
41.8992 	EXP 	Arrow: autoDraw = False
41.8992 	EXP 	Arrow: ori = 270.0
41.8992 	EXP 	Arrow: autoDraw = True
45.2185 	DATA 	Keypress: left
45.2333 	INFO 	Keyboard events cleared
45.2329 	EXP 	Arrow: autoDraw = False
45.2329 	EXP 	Arrow: ori = 90.0
45.2329 	EXP 	Arrow: autoDraw = True
45.9848 	DATA 	Keypress: right
45.9997 	INFO 	Keyboard events cleared
45.9992 	EXP 	Arrow: autoDraw = False
45.9992 	EXP 	Arrow: ori = 270.0
45.9992 	EXP 	Arrow: autoDraw = True
48.7370 	DATA 	Keypress: up
48.7497 	INFO 	Keyboard events cleared
48.7490 	EXP 	Arrow: autoDraw = False
48.7490 	EXP 	Arrow: ori = 270.0
48.7490 	EXP 	Arrow: autoDraw = True
49.5530 	DATA 	Keypress: up
49.5673 	INFO 	Keyboard events cleared
49.5669 	EXP 	Arrow: autoDraw = False
49.5669 	EXP 	Arrow: ori = 90.0
49.5669 	EXP 	Arrow: autoDraw = True
50.3358 	DATA 	Keypress: right
50.3491 	INFO 	Keyboard events cleared
50.3488 	EXP 	Arrow: autoDraw = False
50.3488 	EXP 	Arrow: ori = 270.0
50.3488 	EXP 	Arrow: autoDraw = True
51.2025 	DATA 	Keypress: left
51.2160 	INFO 	Keyboard events cleared
51.2155 	EXP 	Arrow: autoDraw = False
51.2155 	EXP 	Arrow: ori = 90.0
51.2155 	EXP 	Arrow: autoDraw = True
51.8015 	DATA 	Keypress: right
51.8159 	INFO 	Keyboard events cleared
51.8154 	EXP 	Arrow: autoDraw = False
51.8154 	EXP 	Arrow: ori = 90.0
51.8154 	EXP 	Arrow: autoDraw = True
53.2560 	DATA 	Keypress: right
53.2661 	INFO 	Keyboard events cleared
53.2656 	EXP 	Arrow: autoDraw = False
53.2656 	EXP 	Arrow: ori = 0.0
53.2656 	EXP 	Arrow: autoDraw = True
54.1360 	DATA 	Keypress: up
54.1492 	INFO 	Keyboard events cleared
54.1489 	EXP 	Arrow: autoDraw = False
54.1489 	EXP 	Arrow: ori = 270.0
54.1489 	EXP 	Arrow: autoDraw = True
55.4188 	DATA 	Keypress: left
55.4495 	INFO 	Keyboard events cleared
55.4490 	EXP 	Arrow: autoDraw = False
55.4490 	EXP 	Arrow: ori = 0.0
55.4490 	EXP 	Arrow: autoDraw = True
56.3519 	DATA 	Keypress: up
56.3660 	INFO 	Keyboard events cleared
56.3655 	EXP 	Arrow: autoDraw = False
56.3655 	EXP 	Arrow: ori = 270.0
56.3655 	EXP 	Arrow: autoDraw = True
58.8171 	DATA 	Keypress: left
58.8324 	INFO 	Keyboard events cleared
58.8321 	EXP 	Arrow: autoDraw = False
58.8321 	EXP 	Arrow: ori = 180.0
58.8321 	EXP 	Arrow: autoDraw = True
61.1505 	DATA 	Keypress: right
61.1823 	INFO 	Keyboard events cleared
61.1819 	EXP 	Arrow: autoDraw = False
61.1819 	EXP 	Arrow: ori = 90.0
61.1819 	EXP 	Arrow: autoDraw = True
62.6199 	DATA 	Keypress: right
62.6331 	INFO 	Keyboard events cleared
62.6324 	EXP 	Arrow: autoDraw = False
62.6324 	EXP 	Arrow: ori = 90.0
62.6324 	EXP 	Arrow: autoDraw = True
63.5512 	DATA 	Keypress: right
63.5658 	INFO 	Keyboard events cleared
63.5653 	EXP 	Arrow: autoDraw = False
63.5653 	EXP 	Arrow: ori = 0.0
63.5653 	EXP 	Arrow: autoDraw = True
65.1201 	DATA 	Keypress: up
65.1326 	INFO 	Keyboard events cleared
65.1322 	EXP 	Arrow: autoDraw = False
65.1322 	EXP 	Arrow: ori = 270.0
65.1322 	EXP 	Arrow: autoDraw = True
68.4359 	DATA 	Keypress: left
68.4494 	INFO 	Keyboard events cleared
68.4489 	EXP 	Arrow: autoDraw = False
68.4489 	EXP 	Arrow: ori = 90.0
68.4489 	EXP 	Arrow: autoDraw = True
69.2007 	DATA 	Keypress: right
69.2155 	INFO 	Keyboard events cleared
69.2152 	EXP 	Arrow: autoDraw = False
69.2152 	EXP 	Arrow: ori = 0.0
69.2152 	EXP 	Arrow: autoDraw = True
70.9019 	DATA 	Keypress: up
70.9154 	INFO 	Keyboard events cleared
70.9151 	EXP 	Arrow: autoDraw = False
70.9151 	EXP 	Arrow: ori = 90.0
70.9151 	EXP 	Arrow: autoDraw = True
73.5847 	DATA 	Keypress: up
73.5991 	INFO 	Keyboard events cleared
73.5985 	EXP 	Arrow: autoDraw = False
73.5985 	EXP 	Arrow: ori = 0.0
73.5985 	EXP 	Arrow: autoDraw = True
74.5355 	DATA 	Keypress: up
74.5491 	INFO 	Keyboard events cleared
74.5485 	EXP 	Arrow: autoDraw = False
74.5485 	EXP 	Arrow: ori = 0.0
74.5485 	EXP 	Arrow: autoDraw = True
75.2176 	DATA 	Keypress: up
75.2330 	INFO 	Keyboard events cleared
75.2325 	EXP 	Arrow: autoDraw = False
75.2325 	EXP 	Arrow: ori = 0.0
75.2325 	EXP 	Arrow: autoDraw = True
76.0351 	DATA 	Keypress: up
76.0488 	INFO 	Keyboard events cleared
76.0484 	EXP 	Arrow: autoDraw = False
76.0484 	EXP 	Arrow: ori = 90.0
76.0484 	EXP 	Arrow: autoDraw = True
77.8006 	DATA 	Keypress: up
77.8157 	INFO 	Keyboard events cleared
77.8153 	EXP 	Arrow: autoDraw = False
77.8153 	EXP 	Arrow: ori = 90.0
77.8153 	EXP 	Arrow: autoDraw = True
78.8514 	DATA 	Keypress: right
78.8653 	INFO 	Keyboard events cleared
78.8649 	EXP 	Arrow: autoDraw = False
78.8649 	EXP 	Arrow: ori = 270.0
78.8649 	EXP 	Arrow: autoDraw = True
81.2674 	DATA 	Keypress: left
81.2823 	INFO 	Keyboard events cleared
81.2819 	EXP 	Arrow: autoDraw = False
81.2819 	EXP 	Arrow: ori = 180.0
81.2819 	EXP 	Arrow: autoDraw = True
83.2197 	DATA 	Keypress: down
83.2321 	INFO 	Keyboard events cleared
83.2317 	EXP 	Arrow: autoDraw = False
83.2317 	EXP 	Arrow: ori = 180.0
83.2317 	EXP 	Arrow: autoDraw = True
84.7347 	DATA 	Keypress: down
84.7489 	INFO 	Keyboard events cleared
84.7483 	EXP 	Arrow: autoDraw = False
84.7483 	EXP 	Change_eye: autoDraw = True
140.6178 	DATA 	Keypress: space
140.6315 	INFO 	Keyboard events cleared
140.6309 	EXP 	Change_eye: autoDraw = False
140.6309 	EXP 	Arrow2: ori = 180.0
140.6309 	EXP 	Arrow2: autoDraw = True
141.6994 	DATA 	Keypress: down
141.7142 	INFO 	Keyboard events cleared
141.7136 	EXP 	Arrow2: autoDraw = False
141.7136 	EXP 	Arrow2: ori = 270.0
141.7136 	EXP 	Arrow2: autoDraw = True
142.2668 	DATA 	Keypress: left
142.2811 	INFO 	Keyboard events cleared
142.2805 	EXP 	Arrow2: autoDraw = False
142.2805 	EXP 	Arrow2: ori = 90.0
142.2805 	EXP 	Arrow2: autoDraw = True
142.7157 	DATA 	Keypress: right
142.7308 	INFO 	Keyboard events cleared
142.7303 	EXP 	Arrow2: autoDraw = False
142.7303 	EXP 	Arrow2: ori = 180.0
142.7303 	EXP 	Arrow2: autoDraw = True
144.3353 	DATA 	Keypress: down
144.3476 	INFO 	Keyboard events cleared
144.3471 	EXP 	Arrow2: autoDraw = False
144.3471 	EXP 	Arrow2: ori = 270.0
144.3471 	EXP 	Arrow2: autoDraw = True
149.8170 	DATA 	Keypress: up
149.8310 	INFO 	Keyboard events cleared
149.8306 	EXP 	Arrow2: autoDraw = False
149.8306 	EXP 	Arrow2: ori = 90.0
149.8306 	EXP 	Arrow2: autoDraw = True
151.3837 	DATA 	Keypress: up
151.3975 	INFO 	Keyboard events cleared
151.3970 	EXP 	Arrow2: autoDraw = False
151.3970 	EXP 	Arrow2: ori = 0.0
151.3970 	EXP 	Arrow2: autoDraw = True
152.0991 	DATA 	Keypress: up
152.1137 	INFO 	Keyboard events cleared
152.1134 	EXP 	Arrow2: autoDraw = False
152.1134 	EXP 	Arrow2: ori = 180.0
152.1134 	EXP 	Arrow2: autoDraw = True
152.7494 	DATA 	Keypress: down
152.7640 	INFO 	Keyboard events cleared
152.7635 	EXP 	Arrow2: autoDraw = False
152.7635 	EXP 	Arrow2: ori = 180.0
152.7635 	EXP 	Arrow2: autoDraw = True
153.9167 	DATA 	Keypress: down
153.9310 	INFO 	Keyboard events cleared
153.9303 	EXP 	Arrow2: autoDraw = False
153.9303 	EXP 	Arrow2: ori = 180.0
153.9303 	EXP 	Arrow2: autoDraw = True
156.6510 	DATA 	Keypress: left
156.6641 	INFO 	Keyboard events cleared
156.6634 	EXP 	Arrow2: autoDraw = False
156.6634 	EXP 	Arrow2: ori = 180.0
156.6634 	EXP 	Arrow2: autoDraw = True
157.8519 	DATA 	Keypress: up
157.8644 	INFO 	Keyboard events cleared
157.8637 	EXP 	Arrow2: autoDraw = False
157.8637 	EXP 	Arrow2: ori = 0.0
157.8637 	EXP 	Arrow2: autoDraw = True
158.5008 	DATA 	Keypress: up
158.5141 	INFO 	Keyboard events cleared
158.5135 	EXP 	Arrow2: autoDraw = False
158.5135 	EXP 	Arrow2: ori = 0.0
158.5135 	EXP 	Arrow2: autoDraw = True
159.2179 	DATA 	Keypress: up
159.2313 	INFO 	Keyboard events cleared
159.2306 	EXP 	Arrow2: autoDraw = False
159.2306 	EXP 	Arrow2: ori = 270.0
159.2306 	EXP 	Arrow2: autoDraw = True
159.9170 	DATA 	Keypress: left
159.9306 	INFO 	Keyboard events cleared
159.9301 	EXP 	Arrow2: autoDraw = False
159.9301 	EXP 	Arrow2: ori = 270.0
159.9301 	EXP 	Arrow2: autoDraw = True
160.9345 	DATA 	Keypress: left
160.9475 	INFO 	Keyboard events cleared
160.9470 	EXP 	Arrow2: autoDraw = False
160.9470 	EXP 	Arrow2: ori = 0.0
160.9470 	EXP 	Arrow2: autoDraw = True
161.8176 	DATA 	Keypress: up
161.8307 	INFO 	Keyboard events cleared
161.8302 	EXP 	Arrow2: autoDraw = False
161.8302 	EXP 	Arrow2: ori = 270.0
161.8302 	EXP 	Arrow2: autoDraw = True
162.6318 	DATA 	Keypress: left
162.6471 	INFO 	Keyboard events cleared
162.6466 	EXP 	Arrow2: autoDraw = False
162.6466 	EXP 	Arrow2: ori = 0.0
162.6466 	EXP 	Arrow2: autoDraw = True
163.2173 	DATA 	Keypress: up
163.2304 	INFO 	Keyboard events cleared
163.2300 	EXP 	Arrow2: autoDraw = False
163.2300 	EXP 	Arrow2: ori = 180.0
163.2300 	EXP 	Arrow2: autoDraw = True
163.9348 	DATA 	Keypress: down
163.9476 	INFO 	Keyboard events cleared
163.9471 	EXP 	Arrow2: autoDraw = False
163.9471 	EXP 	Arrow2: ori = 270.0
163.9471 	EXP 	Arrow2: autoDraw = True
164.6340 	DATA 	Keypress: left
164.6480 	INFO 	Keyboard events cleared
164.6472 	EXP 	Arrow2: autoDraw = False
164.6472 	EXP 	Arrow2: ori = 180.0
164.6472 	EXP 	Arrow2: autoDraw = True
166.2160 	DATA 	Keypress: down
166.2473 	INFO 	Keyboard events cleared
166.2467 	EXP 	Arrow2: autoDraw = False
166.2467 	EXP 	Arrow2: ori = 270.0
166.2467 	EXP 	Arrow2: autoDraw = True
167.0850 	DATA 	Keypress: left
167.0980 	INFO 	Keyboard events cleared
167.0971 	EXP 	Arrow2: autoDraw = False
167.0971 	EXP 	Arrow2: ori = 270.0
167.0971 	EXP 	Arrow2: autoDraw = True
168.0000 	DATA 	Keypress: left
168.0312 	INFO 	Keyboard events cleared
168.0304 	EXP 	Arrow2: autoDraw = False
168.0304 	EXP 	Arrow2: ori = 270.0
168.0304 	EXP 	Arrow2: autoDraw = True
170.0320 	DATA 	Keypress: left
170.0466 	INFO 	Keyboard events cleared
170.0462 	EXP 	Arrow2: autoDraw = False
170.0462 	EXP 	Arrow2: ori = 270.0
170.0462 	EXP 	Arrow2: autoDraw = True
173.6491 	DATA 	Keypress: left
173.6807 	INFO 	Keyboard events cleared
173.6802 	EXP 	Arrow2: autoDraw = False
173.6802 	EXP 	Arrow2: ori = 180.0
173.6802 	EXP 	Arrow2: autoDraw = True
176.6672 	DATA 	Keypress: down
176.6804 	INFO 	Keyboard events cleared
176.6798 	EXP 	Arrow2: autoDraw = False
176.6798 	EXP 	Arrow2: ori = 0.0
176.6798 	EXP 	Arrow2: autoDraw = True
179.0505 	DATA 	Keypress: left
179.0639 	INFO 	Keyboard events cleared
179.0633 	EXP 	Arrow2: autoDraw = False
179.0633 	EXP 	Arrow2: ori = 90.0
179.0633 	EXP 	Arrow2: autoDraw = True
179.8844 	DATA 	Keypress: up
179.8968 	INFO 	Keyboard events cleared
179.8964 	EXP 	Arrow2: autoDraw = False
179.8964 	EXP 	Arrow2: ori = 180.0
179.8964 	EXP 	Arrow2: autoDraw = True
180.4008 	DATA 	Keypress: up
180.4140 	INFO 	Keyboard events cleared
180.4133 	EXP 	Arrow2: autoDraw = False
180.4133 	EXP 	Arrow2: ori = 180.0
180.4133 	EXP 	Arrow2: autoDraw = True
181.1665 	DATA 	Keypress: up
181.1804 	INFO 	Keyboard events cleared
181.1798 	EXP 	Arrow2: autoDraw = False
181.1798 	EXP 	Arrow2: ori = 270.0
181.1798 	EXP 	Arrow2: autoDraw = True
182.6999 	DATA 	Keypress: left
182.7139 	INFO 	Keyboard events cleared
182.7132 	EXP 	Arrow2: autoDraw = False
182.7132 	EXP 	Arrow2: ori = 180.0
182.7132 	EXP 	Arrow2: autoDraw = True
183.5167 	DATA 	Keypress: down
183.5306 	INFO 	Keyboard events cleared
183.5299 	EXP 	Arrow2: autoDraw = False
183.5299 	EXP 	Arrow2: ori = 180.0
183.5299 	EXP 	Arrow2: autoDraw = True
184.5161 	DATA 	Keypress: down
184.5305 	INFO 	Keyboard events cleared
184.5299 	EXP 	Arrow2: autoDraw = False
184.5299 	EXP 	Arrow2: ori = 180.0
184.5299 	EXP 	Arrow2: autoDraw = True
185.5504 	DATA 	Keypress: down
185.5638 	INFO 	Keyboard events cleared
185.5632 	EXP 	Arrow2: autoDraw = False
185.5632 	EXP 	Arrow2: ori = 180.0
185.5632 	EXP 	Arrow2: autoDraw = True
186.7504 	DATA 	Keypress: down
186.7637 	INFO 	Keyboard events cleared
186.7631 	EXP 	Arrow2: autoDraw = False
186.7631 	EXP 	Arrow2: ori = 0.0
186.7631 	EXP 	Arrow2: autoDraw = True
187.6339 	DATA 	Keypress: left
187.6472 	INFO 	Keyboard events cleared
187.6464 	EXP 	Arrow2: autoDraw = False
187.6464 	EXP 	Arrow2: ori = 180.0
187.6464 	EXP 	Arrow2: autoDraw = True
188.4502 	DATA 	Keypress: down
188.4637 	INFO 	Keyboard events cleared
188.4630 	EXP 	Arrow2: autoDraw = False
188.4630 	EXP 	Arrow2: ori = 180.0
188.4630 	EXP 	Arrow2: autoDraw = True
189.2831 	DATA 	Keypress: down
189.3131 	INFO 	Keyboard events cleared
189.3128 	EXP 	Arrow2: autoDraw = False
189.3128 	EXP 	Arrow2: ori = 180.0
189.3128 	EXP 	Arrow2: autoDraw = True
190.0839 	DATA 	Keypress: down
190.0965 	INFO 	Keyboard events cleared
190.0961 	EXP 	Arrow2: autoDraw = False
190.0961 	EXP 	Arrow2: ori = 180.0
190.0961 	EXP 	Arrow2: autoDraw = True
191.1332 	DATA 	Keypress: down
191.1468 	INFO 	Keyboard events cleared
191.1463 	EXP 	Arrow2: autoDraw = False
191.1463 	EXP 	Arrow2: ori = 270.0
191.1463 	EXP 	Arrow2: autoDraw = True
192.0322 	DATA 	Keypress: left
192.0462 	INFO 	Keyboard events cleared
192.0458 	EXP 	Arrow2: autoDraw = False
192.0458 	EXP 	Arrow2: ori = 270.0
192.0458 	EXP 	Arrow2: autoDraw = True
193.0511 	DATA 	Keypress: left
193.0639 	INFO 	Keyboard events cleared
193.0631 	EXP 	Arrow2: autoDraw = False
193.0631 	EXP 	Arrow2: ori = 0.0
193.0631 	EXP 	Arrow2: autoDraw = True
194.2326 	DATA 	Keypress: up
194.2638 	INFO 	Keyboard events cleared
194.2631 	EXP 	Arrow2: autoDraw = False
194.2631 	EXP 	Arrow2: ori = 270.0
194.2631 	EXP 	Arrow2: autoDraw = True
195.5491 	DATA 	Keypress: left
195.5804 	INFO 	Keyboard events cleared
195.5798 	EXP 	Arrow2: autoDraw = False
195.5798 	EXP 	Arrow2: ori = 90.0
195.5798 	EXP 	Arrow2: autoDraw = True
196.3164 	DATA 	Keypress: right
196.3301 	INFO 	Keyboard events cleared
196.3295 	EXP 	Arrow2: autoDraw = False
196.3295 	EXP 	Arrow2: ori = 90.0
196.3295 	EXP 	Arrow2: autoDraw = True
197.6017 	DATA 	Keypress: right
197.6131 	INFO 	Keyboard events cleared
197.6125 	EXP 	Arrow2: autoDraw = False
197.6125 	EXP 	Arrow2: ori = 0.0
197.6125 	EXP 	Arrow2: autoDraw = True
199.4981 	DATA 	Keypress: right
199.5127 	INFO 	Keyboard events cleared
199.5124 	EXP 	Arrow2: autoDraw = False
199.5124 	EXP 	Arrow2: ori = 270.0
199.5124 	EXP 	Arrow2: autoDraw = True
200.4833 	DATA 	Keypress: left
200.4968 	INFO 	Keyboard events cleared
200.4963 	EXP 	Arrow2: autoDraw = False
200.4963 	EXP 	Arrow2: ori = 0.0
200.4963 	EXP 	Arrow2: autoDraw = True
201.6677 	DATA 	Keypress: up
201.6799 	INFO 	Keyboard events cleared
201.6794 	EXP 	Arrow2: autoDraw = False
201.6794 	EXP 	Arrow2: ori = 180.0
201.6794 	EXP 	Arrow2: autoDraw = True
204.9568 	DATA 	Keypress: down
204.9593 	EXP 	Arrow2: autoDraw = False
204.9595 	EXP 	ContrastSen: status = STOPPED
204.9930 	INFO 	saved data to 'D:\\Orientation\\data/AK_ContrastSen_2025-02-14_11h24.28.427.csv'
205.0151 	INFO 	saved data to D:\Orientation\data/AK_ContrastSen_2025-02-14_11h24.28.427.psydat
