53.4479 	INFO 	Loaded monitor calibration from ['2024_07_05 16:35']
53.4884 	WARNING 	User requested fullscreen with size [1536  864], but screen is actually [1920, 1080]. Using actual size
54.9332 	EXP 	Created window1 = Window(allowGUI=False, allowStencil=False, autoLog=True, backendConf=UNKNOWN, backgroundFit=<method-wrapper '__getattribute__' of attributeSetter object at 0x0000017705735D20>, backgroundImage=<method-wrapper '__getattribute__' of attributeSetter object at 0x0000017705735CC0>, bitsMode=UNKNOWN, blendMode='avg', bpc=(8, 8, 8), color=array([0, 0, 0]), colorSpace='rgb', depthBits=8, fullscr=True, gamma=None, gammaErrorPolicy='raise', infoMsg=UNKNOWN, lms=UNKNOWN, monitor=<psychopy.monitors.calibTools.Monitor object at 0x0000017706C2D3C0>, multiSample=False, name='window1', numSamples=2, pos=[0.0, 0.0], screen=0, size=array([1920, 1080]), stencilBits=0, stereo=False, title='PsychoPy', units='height', useFBO=True, useRetina=False, viewOri=0.0, viewPos=None, viewScale=None, waitBlanking=True, winType='pyglet')
54.9333 	EXP 	window1: backgroundImage = ''
54.9333 	EXP 	window1: backgroundFit = 'none'
55.1022 	EXP 	window1: Attempting to measure frame rate of screen (0) ...
55.1023 	EXP 	window1: recordFrameIntervals = False
55.2384 	EXP 	window1: recordFrameIntervals = True
55.4221 	EXP 	Screen (0) actual frame rate measured at 59.97Hz
55.4221 	EXP 	window1: recordFrameIntervals = False
60.0290 	INFO 	keyboard.Keyboard is using iohub backend.
60.0290 	INFO 	keyboard.Keyboard is using iohub backend.
60.0290 	INFO 	keyboard.Keyboard is using iohub backend.
60.0291 	INFO 	keyboard.Keyboard is using iohub backend.
60.0291 	INFO 	keyboard.Keyboard is using iohub backend.
60.0291 	EXP 	ContrastSen: status = STARTED
60.5821 	EXP 	Created Instructions = TextStim(__class__=<class 'psychopy.visual.text.TextStim'>, alignHoriz=method-wrapper(...), alignText='center', alignVert=method-wrapper(...), anchorHoriz='center', anchorVert='center', antialias=True, autoDraw=False, autoLog=True, bold=False, color=array([1., 1., 1.]), colorSpace='rgb', contrast=1.0, depth=0.0, draggable=False, flipHoriz=False, flipVert=False, font='Arial', fontFiles=[], height=0.05, italic=False, languageStyle='LTR', name='Instructions', opacity=1, ori=0.0, pos=array([0., 0.]), rgb=UNKNOWN, text=str(...), units='height', win=Window(...), wrapWidth=1)
60.5903 	EXP 	Created Arrow = ShapeStim(__class__=<class 'psychopy.visual.shape.ShapeStim'>, anchor=('center', 'center'), autoDraw=False, autoLog=True, closeShape=True, color=method-wrapper(...), colorSpace='rgb', contrast=None, depth=-1.0, draggable=False, fillColor=array([1, 1, 1]), fillColorSpace='rgb', fillRGB=array([1, 1, 1]), interpolate=True, lineColor=array([1., 1., 1.]), lineColorSpace='rgb', lineRGB=array([1, 1, 1]), lineWidth=1.0, name='Arrow', opacity=1, ori=1.0, pos=array([0., 0.]), size=array([0.5, 0.5]), units='height', vertices=ndarray(...), win=Window(...), windingRule=None)
60.5985 	EXP 	Created Change_eye = TextStim(__class__=<class 'psychopy.visual.text.TextStim'>, alignHoriz=method-wrapper(...), alignText='center', alignVert=method-wrapper(...), anchorHoriz='center', anchorVert='center', antialias=True, autoDraw=False, autoLog=True, bold=False, color=array([1., 1., 1.]), colorSpace='rgb', contrast=1.0, depth=-1.0, draggable=False, flipHoriz=False, flipVert=False, font='Arial', fontFiles=[], height=0.05, italic=False, languageStyle='LTR', name='Change_eye', opacity=1, ori=0.0, pos=array([0., 0.]), rgb=UNKNOWN, text=str(...), units='height', win=Window(...), wrapWidth=1)
60.5998 	EXP 	Created Arrow2 = ShapeStim(__class__=<class 'psychopy.visual.shape.ShapeStim'>, anchor=('center', 'center'), autoDraw=False, autoLog=True, closeShape=True, color=method-wrapper(...), colorSpace='rgb', contrast=None, depth=-1.0, draggable=False, fillColor=array([1, 1, 1]), fillColorSpace='rgb', fillRGB=array([1, 1, 1]), interpolate=True, lineColor=array([1., 1., 1.]), lineColorSpace='rgb', lineRGB=array([1, 1, 1]), lineWidth=1.0, name='Arrow2', opacity=1, ori=1.0, pos=array([0., 0.]), size=array([0.5, 0.5]), units='height', vertices=ndarray(...), win=Window(...), windingRule=None)
0.0071 	INFO 	Keyboard events cleared
0.0068 	EXP 	Instructions: autoDraw = True
23.1323 	DATA 	Keypress: right
23.1352 	INFO 	Keyboard events cleared
23.1347 	EXP 	Instructions: autoDraw = False
23.1347 	EXP 	Arrow: ori = 90.0
23.1347 	EXP 	Arrow: autoDraw = True
23.1942 	DATA 	Keypress: right
23.2054 	INFO 	Keyboard events cleared
23.2041 	EXP 	Arrow: autoDraw = False
23.2041 	EXP 	Arrow: ori = 180.0
23.2041 	EXP 	Arrow: autoDraw = True
24.3761 	DATA 	Keypress: down
24.3886 	INFO 	Keyboard events cleared
24.3879 	EXP 	Arrow: autoDraw = False
24.3879 	EXP 	Arrow: ori = 270.0
24.3879 	EXP 	Arrow: autoDraw = True
25.0244 	DATA 	Keypress: left
25.0381 	INFO 	Keyboard events cleared
25.0377 	EXP 	Arrow: autoDraw = False
25.0377 	EXP 	Arrow: ori = 90.0
25.0377 	EXP 	Arrow: autoDraw = True
26.8093 	DATA 	Keypress: right
26.8220 	INFO 	Keyboard events cleared
26.8213 	EXP 	Arrow: autoDraw = False
26.8213 	EXP 	Arrow: ori = 90.0
26.8213 	EXP 	Arrow: autoDraw = True
28.4252 	DATA 	Keypress: left
28.4382 	INFO 	Keyboard events cleared
28.4377 	EXP 	Arrow: autoDraw = False
28.4377 	EXP 	Arrow: ori = 90.0
28.4377 	EXP 	Arrow: autoDraw = True
30.9415 	DATA 	Keypress: left
30.9549 	INFO 	Keyboard events cleared
30.9544 	EXP 	Arrow: autoDraw = False
30.9544 	EXP 	Arrow: ori = 90.0
30.9544 	EXP 	Arrow: autoDraw = True
31.8734 	DATA 	Keypress: right
31.8878 	INFO 	Keyboard events cleared
31.8875 	EXP 	Arrow: autoDraw = False
31.8875 	EXP 	Arrow: ori = 270.0
31.8875 	EXP 	Arrow: autoDraw = True
32.5580 	DATA 	Keypress: left
32.5716 	INFO 	Keyboard events cleared
32.5711 	EXP 	Arrow: autoDraw = False
32.5711 	EXP 	Arrow: ori = 180.0
32.5711 	EXP 	Arrow: autoDraw = True
33.6408 	DATA 	Keypress: down
33.6547 	INFO 	Keyboard events cleared
33.6543 	EXP 	Arrow: autoDraw = False
33.6543 	EXP 	Arrow: ori = 180.0
33.6543 	EXP 	Arrow: autoDraw = True
35.0738 	DATA 	Keypress: down
35.0880 	INFO 	Keyboard events cleared
35.0876 	EXP 	Arrow: autoDraw = False
35.0876 	EXP 	Arrow: ori = 0.0
35.0876 	EXP 	Arrow: autoDraw = True
36.0573 	DATA 	Keypress: right
36.0713 	INFO 	Keyboard events cleared
36.0709 	EXP 	Arrow: autoDraw = False
36.0709 	EXP 	Arrow: ori = 90.0
36.0709 	EXP 	Arrow: autoDraw = True
37.2237 	DATA 	Keypress: right
37.2381 	INFO 	Keyboard events cleared
37.2375 	EXP 	Arrow: autoDraw = False
37.2375 	EXP 	Arrow: ori = 180.0
37.2375 	EXP 	Arrow: autoDraw = True
38.6386 	DATA 	Keypress: down
38.6710 	INFO 	Keyboard events cleared
38.6708 	EXP 	Arrow: autoDraw = False
38.6708 	EXP 	Arrow: ori = 90.0
38.6708 	EXP 	Arrow: autoDraw = True
41.8420 	DATA 	Keypress: right
41.8557 	INFO 	Keyboard events cleared
41.8547 	EXP 	Arrow: autoDraw = False
41.8547 	EXP 	Arrow: ori = 270.0
41.8547 	EXP 	Arrow: autoDraw = True
45.3756 	DATA 	Keypress: right
45.3876 	INFO 	Keyboard events cleared
45.3873 	EXP 	Arrow: autoDraw = False
45.3873 	EXP 	Arrow: ori = 0.0
45.3873 	EXP 	Arrow: autoDraw = True
46.4575 	DATA 	Keypress: up
46.4713 	INFO 	Keyboard events cleared
46.4709 	EXP 	Arrow: autoDraw = False
46.4709 	EXP 	Arrow: ori = 270.0
46.4709 	EXP 	Arrow: autoDraw = True
48.8073 	DATA 	Keypress: up
48.8211 	INFO 	Keyboard events cleared
48.8207 	EXP 	Arrow: autoDraw = False
48.8207 	EXP 	Arrow: ori = 0.0
48.8207 	EXP 	Arrow: autoDraw = True
49.6739 	DATA 	Keypress: up
49.6876 	INFO 	Keyboard events cleared
49.6872 	EXP 	Arrow: autoDraw = False
49.6872 	EXP 	Arrow: ori = 90.0
49.6872 	EXP 	Arrow: autoDraw = True
50.5905 	DATA 	Keypress: up
50.6048 	INFO 	Keyboard events cleared
50.6041 	EXP 	Arrow: autoDraw = False
50.6041 	EXP 	Arrow: ori = 90.0
50.6041 	EXP 	Arrow: autoDraw = True
51.1904 	DATA 	Keypress: right
51.2043 	INFO 	Keyboard events cleared
51.2040 	EXP 	Arrow: autoDraw = False
51.2040 	EXP 	Arrow: ori = 0.0
51.2040 	EXP 	Arrow: autoDraw = True
52.6732 	DATA 	Keypress: up
52.6877 	INFO 	Keyboard events cleared
52.6871 	EXP 	Arrow: autoDraw = False
52.6871 	EXP 	Arrow: ori = 0.0
52.6871 	EXP 	Arrow: autoDraw = True
54.3417 	DATA 	Keypress: up
54.3546 	INFO 	Keyboard events cleared
54.3540 	EXP 	Arrow: autoDraw = False
54.3540 	EXP 	Arrow: ori = 90.0
54.3540 	EXP 	Arrow: autoDraw = True
55.3738 	DATA 	Keypress: left
55.3877 	INFO 	Keyboard events cleared
55.3872 	EXP 	Arrow: autoDraw = False
55.3872 	EXP 	Arrow: ori = 180.0
55.3872 	EXP 	Arrow: autoDraw = True
56.5906 	DATA 	Keypress: down
56.6045 	INFO 	Keyboard events cleared
56.6039 	EXP 	Arrow: autoDraw = False
56.6039 	EXP 	Arrow: ori = 270.0
56.6039 	EXP 	Arrow: autoDraw = True
57.3227 	DATA 	Keypress: left
57.3375 	INFO 	Keyboard events cleared
57.3370 	EXP 	Arrow: autoDraw = False
57.3370 	EXP 	Arrow: ori = 180.0
57.3370 	EXP 	Arrow: autoDraw = True
58.2109 	DATA 	Keypress: down
58.2215 	INFO 	Keyboard events cleared
58.2208 	EXP 	Arrow: autoDraw = False
58.2208 	EXP 	Arrow: ori = 270.0
58.2208 	EXP 	Arrow: autoDraw = True
58.9411 	DATA 	Keypress: left
58.9544 	INFO 	Keyboard events cleared
58.9538 	EXP 	Arrow: autoDraw = False
58.9538 	EXP 	Arrow: ori = 180.0
58.9538 	EXP 	Arrow: autoDraw = True
59.6411 	DATA 	Keypress: down
59.6560 	INFO 	Keyboard events cleared
59.6546 	EXP 	Arrow: autoDraw = False
59.6546 	EXP 	Arrow: ori = 270.0
59.6546 	EXP 	Arrow: autoDraw = True
60.4459 	DATA 	Keypress: left
60.4549 	INFO 	Keyboard events cleared
60.4541 	EXP 	Arrow: autoDraw = False
60.4541 	EXP 	Arrow: ori = 0.0
60.4541 	EXP 	Arrow: autoDraw = True
62.9460 	DATA 	Keypress: up
62.9551 	INFO 	Keyboard events cleared
62.9540 	EXP 	Arrow: autoDraw = False
62.9540 	EXP 	Arrow: ori = 0.0
62.9540 	EXP 	Arrow: autoDraw = True
66.6127 	DATA 	Keypress: up
66.6227 	INFO 	Keyboard events cleared
66.6211 	EXP 	Arrow: autoDraw = False
66.6211 	EXP 	Arrow: ori = 270.0
66.6211 	EXP 	Arrow: autoDraw = True
67.7776 	DATA 	Keypress: left
67.7884 	INFO 	Keyboard events cleared
67.7872 	EXP 	Arrow: autoDraw = False
67.7872 	EXP 	Arrow: ori = 270.0
67.7872 	EXP 	Arrow: autoDraw = True
69.4730 	DATA 	Keypress: down
69.4879 	INFO 	Keyboard events cleared
69.4872 	EXP 	Arrow: autoDraw = False
69.4872 	EXP 	Arrow: ori = 180.0
69.4872 	EXP 	Arrow: autoDraw = True
71.5626 	DATA 	Keypress: left
71.5719 	INFO 	Keyboard events cleared
71.5708 	EXP 	Arrow: autoDraw = False
71.5708 	EXP 	Arrow: ori = 90.0
71.5708 	EXP 	Arrow: autoDraw = True
73.5928 	DATA 	Keypress: left
73.6219 	INFO 	Keyboard events cleared
73.6209 	EXP 	Arrow: autoDraw = False
73.6209 	EXP 	Arrow: ori = 270.0
73.6209 	EXP 	Arrow: autoDraw = True
74.3591 	DATA 	Keypress: left
74.3877 	INFO 	Keyboard events cleared
74.3868 	EXP 	Arrow: autoDraw = False
74.3868 	EXP 	Arrow: ori = 180.0
74.3868 	EXP 	Arrow: autoDraw = True
75.1962 	DATA 	Keypress: down
75.2052 	INFO 	Keyboard events cleared
75.2040 	EXP 	Arrow: autoDraw = False
75.2040 	EXP 	Arrow: ori = 90.0
75.2040 	EXP 	Arrow: autoDraw = True
75.9266 	DATA 	Keypress: right
75.9389 	INFO 	Keyboard events cleared
75.9373 	EXP 	Arrow: autoDraw = False
75.9373 	EXP 	Arrow: ori = 180.0
75.9373 	EXP 	Arrow: autoDraw = True
76.7105 	DATA 	Keypress: down
76.7212 	INFO 	Keyboard events cleared
76.7203 	EXP 	Arrow: autoDraw = False
76.7203 	EXP 	Arrow: ori = 270.0
76.7203 	EXP 	Arrow: autoDraw = True
77.2397 	DATA 	Keypress: left
77.2540 	INFO 	Keyboard events cleared
77.2535 	EXP 	Arrow: autoDraw = False
77.2535 	EXP 	Arrow: ori = 180.0
77.2535 	EXP 	Arrow: autoDraw = True
77.7403 	DATA 	Keypress: down
77.7540 	INFO 	Keyboard events cleared
77.7535 	EXP 	Arrow: autoDraw = False
77.7535 	EXP 	Arrow: ori = 180.0
77.7535 	EXP 	Arrow: autoDraw = True
79.5620 	DATA 	Keypress: down
79.5719 	INFO 	Keyboard events cleared
79.5707 	EXP 	Arrow: autoDraw = False
79.5707 	EXP 	Arrow: ori = 0.0
79.5707 	EXP 	Arrow: autoDraw = True
81.6097 	DATA 	Keypress: down
81.6210 	INFO 	Keyboard events cleared
81.6201 	EXP 	Arrow: autoDraw = False
81.6201 	EXP 	Arrow: ori = 0.0
81.6201 	EXP 	Arrow: autoDraw = True
82.4732 	DATA 	Keypress: up
82.4870 	INFO 	Keyboard events cleared
82.4866 	EXP 	Arrow: autoDraw = False
82.4866 	EXP 	Arrow: ori = 270.0
82.4866 	EXP 	Arrow: autoDraw = True
83.3249 	DATA 	Keypress: left
83.3372 	INFO 	Keyboard events cleared
83.3366 	EXP 	Arrow: autoDraw = False
83.3366 	EXP 	Arrow: ori = 0.0
83.3366 	EXP 	Arrow: autoDraw = True
84.2264 	DATA 	Keypress: up
84.2385 	INFO 	Keyboard events cleared
84.2372 	EXP 	Arrow: autoDraw = False
84.2372 	EXP 	Arrow: ori = 0.0
84.2372 	EXP 	Arrow: autoDraw = True
85.8407 	DATA 	Keypress: up
85.8541 	INFO 	Keyboard events cleared
85.8534 	EXP 	Arrow: autoDraw = False
85.8534 	EXP 	Arrow: ori = 0.0
85.8534 	EXP 	Arrow: autoDraw = True
86.8782 	DATA 	Keypress: up
86.8881 	INFO 	Keyboard events cleared
86.8870 	EXP 	Arrow: autoDraw = False
86.8870 	EXP 	Arrow: ori = 0.0
86.8870 	EXP 	Arrow: autoDraw = True
89.4766 	DATA 	Keypress: up
89.4883 	INFO 	Keyboard events cleared
89.4870 	EXP 	Arrow: autoDraw = False
89.4870 	EXP 	Arrow: ori = 180.0
89.4870 	EXP 	Arrow: autoDraw = True
90.2617 	DATA 	Keypress: left
90.2716 	INFO 	Keyboard events cleared
90.2704 	EXP 	Arrow: autoDraw = False
90.2704 	EXP 	Change_eye: autoDraw = True
145.0558 	DATA 	Keypress: right
145.0695 	INFO 	Keyboard events cleared
145.0687 	EXP 	Change_eye: autoDraw = False
145.0687 	EXP 	Arrow2: ori = 270.0
145.0687 	EXP 	Arrow2: autoDraw = True
145.6214 	DATA 	Keypress: left
145.6356 	INFO 	Keyboard events cleared
145.6352 	EXP 	Arrow2: autoDraw = False
145.6352 	EXP 	Arrow2: ori = 0.0
145.6352 	EXP 	Arrow2: autoDraw = True
146.0748 	DATA 	Keypress: up
146.0862 	INFO 	Keyboard events cleared
146.0854 	EXP 	Arrow2: autoDraw = False
146.0854 	EXP 	Arrow2: ori = 0.0
146.0854 	EXP 	Arrow2: autoDraw = True
146.6573 	DATA 	Keypress: up
146.6703 	INFO 	Keyboard events cleared
146.6692 	EXP 	Arrow2: autoDraw = False
146.6692 	EXP 	Arrow2: ori = 90.0
146.6692 	EXP 	Arrow2: autoDraw = True
147.8604 	DATA 	Keypress: right
147.8705 	INFO 	Keyboard events cleared
147.8693 	EXP 	Arrow2: autoDraw = False
147.8693 	EXP 	Arrow2: ori = 270.0
147.8693 	EXP 	Arrow2: autoDraw = True
148.4761 	DATA 	Keypress: right
148.4867 	INFO 	Keyboard events cleared
148.4856 	EXP 	Arrow2: autoDraw = False
148.4856 	EXP 	Arrow2: ori = 180.0
148.4856 	EXP 	Arrow2: autoDraw = True
149.4112 	DATA 	Keypress: right
149.4199 	INFO 	Keyboard events cleared
149.4189 	EXP 	Arrow2: autoDraw = False
149.4189 	EXP 	Arrow2: ori = 180.0
149.4189 	EXP 	Arrow2: autoDraw = True
150.1951 	DATA 	Keypress: down
150.2035 	INFO 	Keyboard events cleared
150.2023 	EXP 	Arrow2: autoDraw = False
150.2023 	EXP 	Arrow2: ori = 90.0
150.2023 	EXP 	Arrow2: autoDraw = True
150.8411 	DATA 	Keypress: right
150.8703 	INFO 	Keyboard events cleared
150.8691 	EXP 	Arrow2: autoDraw = False
150.8691 	EXP 	Arrow2: ori = 180.0
150.8691 	EXP 	Arrow2: autoDraw = True
151.5218 	DATA 	Keypress: down
151.5535 	INFO 	Keyboard events cleared
151.5525 	EXP 	Arrow2: autoDraw = False
151.5525 	EXP 	Arrow2: ori = 180.0
151.5525 	EXP 	Arrow2: autoDraw = True
152.9267 	DATA 	Keypress: right
152.9371 	INFO 	Keyboard events cleared
152.9356 	EXP 	Arrow2: autoDraw = False
152.9356 	EXP 	Arrow2: ori = 90.0
152.9356 	EXP 	Arrow2: autoDraw = True
153.5921 	DATA 	Keypress: right
153.6026 	INFO 	Keyboard events cleared
153.6021 	EXP 	Arrow2: autoDraw = False
153.6021 	EXP 	Arrow2: ori = 180.0
153.6021 	EXP 	Arrow2: autoDraw = True
154.6415 	DATA 	Keypress: down
154.6536 	INFO 	Keyboard events cleared
154.6525 	EXP 	Arrow2: autoDraw = False
154.6525 	EXP 	Arrow2: ori = 90.0
154.6525 	EXP 	Arrow2: autoDraw = True
155.5915 	DATA 	Keypress: right
155.6038 	INFO 	Keyboard events cleared
155.6023 	EXP 	Arrow2: autoDraw = False
155.6023 	EXP 	Arrow2: ori = 90.0
155.6023 	EXP 	Arrow2: autoDraw = True
156.8427 	DATA 	Keypress: right
156.8536 	INFO 	Keyboard events cleared
156.8524 	EXP 	Arrow2: autoDraw = False
156.8524 	EXP 	Arrow2: ori = 90.0
156.8524 	EXP 	Arrow2: autoDraw = True
157.6921 	DATA 	Keypress: down
157.7028 	INFO 	Keyboard events cleared
157.7020 	EXP 	Arrow2: autoDraw = False
157.7020 	EXP 	Arrow2: ori = 270.0
157.7020 	EXP 	Arrow2: autoDraw = True
158.9263 	DATA 	Keypress: up
158.9362 	INFO 	Keyboard events cleared
158.9353 	EXP 	Arrow2: autoDraw = False
158.9353 	EXP 	Arrow2: ori = 270.0
158.9353 	EXP 	Arrow2: autoDraw = True
159.4611 	DATA 	Keypress: right
159.4702 	INFO 	Keyboard events cleared
159.4689 	EXP 	Arrow2: autoDraw = False
159.4689 	EXP 	Arrow2: ori = 270.0
159.4689 	EXP 	Arrow2: autoDraw = True
160.7266 	DATA 	Keypress: down
160.7361 	INFO 	Keyboard events cleared
160.7352 	EXP 	Arrow2: autoDraw = False
160.7352 	EXP 	Arrow2: ori = 270.0
160.7352 	EXP 	Arrow2: autoDraw = True
161.5086 	DATA 	Keypress: left
161.5194 	INFO 	Keyboard events cleared
161.5186 	EXP 	Arrow2: autoDraw = False
161.5186 	EXP 	Arrow2: ori = 270.0
161.5186 	EXP 	Arrow2: autoDraw = True
162.2064 	DATA 	Keypress: left
162.2195 	INFO 	Keyboard events cleared
162.2185 	EXP 	Arrow2: autoDraw = False
162.2185 	EXP 	Arrow2: ori = 0.0
162.2185 	EXP 	Arrow2: autoDraw = True
164.2253 	DATA 	Keypress: up
164.2365 	INFO 	Keyboard events cleared
164.2353 	EXP 	Arrow2: autoDraw = False
164.2353 	EXP 	Arrow2: ori = 270.0
164.2353 	EXP 	Arrow2: autoDraw = True
165.0069 	DATA 	Keypress: left
165.0364 	INFO 	Keyboard events cleared
165.0353 	EXP 	Arrow2: autoDraw = False
165.0353 	EXP 	Arrow2: ori = 90.0
165.0353 	EXP 	Arrow2: autoDraw = True
166.3103 	DATA 	Keypress: right
166.3201 	INFO 	Keyboard events cleared
166.3189 	EXP 	Arrow2: autoDraw = False
166.3189 	EXP 	Arrow2: ori = 0.0
166.3189 	EXP 	Arrow2: autoDraw = True
167.0584 	DATA 	Keypress: up
167.0690 	INFO 	Keyboard events cleared
167.0684 	EXP 	Arrow2: autoDraw = False
167.0684 	EXP 	Arrow2: ori = 90.0
167.0684 	EXP 	Arrow2: autoDraw = True
167.8421 	DATA 	Keypress: right
167.8533 	INFO 	Keyboard events cleared
167.8520 	EXP 	Arrow2: autoDraw = False
167.8520 	EXP 	Arrow2: ori = 270.0
167.8520 	EXP 	Arrow2: autoDraw = True
168.5917 	DATA 	Keypress: left
168.6033 	INFO 	Keyboard events cleared
168.6020 	EXP 	Arrow2: autoDraw = False
168.6020 	EXP 	Arrow2: ori = 270.0
168.6020 	EXP 	Arrow2: autoDraw = True
169.2085 	DATA 	Keypress: left
169.2199 	INFO 	Keyboard events cleared
169.2186 	EXP 	Arrow2: autoDraw = False
169.2186 	EXP 	Arrow2: ori = 0.0
169.2186 	EXP 	Arrow2: autoDraw = True
170.9776 	DATA 	Keypress: left
170.9864 	INFO 	Keyboard events cleared
170.9851 	EXP 	Arrow2: autoDraw = False
170.9851 	EXP 	Arrow2: ori = 90.0
170.9851 	EXP 	Arrow2: autoDraw = True
171.7760 	DATA 	Keypress: left
171.7857 	INFO 	Keyboard events cleared
171.7848 	EXP 	Arrow2: autoDraw = False
171.7848 	EXP 	Arrow2: ori = 0.0
171.7848 	EXP 	Arrow2: autoDraw = True
173.2916 	DATA 	Keypress: up
173.3024 	INFO 	Keyboard events cleared
173.3015 	EXP 	Arrow2: autoDraw = False
173.3015 	EXP 	Arrow2: ori = 180.0
173.3015 	EXP 	Arrow2: autoDraw = True
174.5275 	DATA 	Keypress: down
174.5358 	INFO 	Keyboard events cleared
174.5347 	EXP 	Arrow2: autoDraw = False
174.5347 	EXP 	Arrow2: ori = 90.0
174.5347 	EXP 	Arrow2: autoDraw = True
175.7877 	DATA 	Keypress: right
175.8019 	INFO 	Keyboard events cleared
175.8014 	EXP 	Arrow2: autoDraw = False
175.8014 	EXP 	Arrow2: ori = 90.0
175.8014 	EXP 	Arrow2: autoDraw = True
176.5936 	DATA 	Keypress: right
176.6027 	INFO 	Keyboard events cleared
176.6017 	EXP 	Arrow2: autoDraw = False
176.6017 	EXP 	Arrow2: ori = 180.0
176.6017 	EXP 	Arrow2: autoDraw = True
177.6445 	DATA 	Keypress: down
177.6533 	INFO 	Keyboard events cleared
177.6520 	EXP 	Arrow2: autoDraw = False
177.6520 	EXP 	Arrow2: ori = 180.0
177.6520 	EXP 	Arrow2: autoDraw = True
178.5068 	DATA 	Keypress: down
178.5187 	INFO 	Keyboard events cleared
178.5180 	EXP 	Arrow2: autoDraw = False
178.5180 	EXP 	Arrow2: ori = 90.0
178.5180 	EXP 	Arrow2: autoDraw = True
181.8425 	DATA 	Keypress: right
181.8529 	INFO 	Keyboard events cleared
181.8518 	EXP 	Arrow2: autoDraw = False
181.8518 	EXP 	Arrow2: ori = 180.0
181.8518 	EXP 	Arrow2: autoDraw = True
183.2871 	DATA 	Keypress: down
183.3019 	INFO 	Keyboard events cleared
183.3012 	EXP 	Arrow2: autoDraw = False
183.3012 	EXP 	Arrow2: ori = 180.0
183.3012 	EXP 	Arrow2: autoDraw = True
185.3755 	DATA 	Keypress: down
185.3857 	INFO 	Keyboard events cleared
185.3846 	EXP 	Arrow2: autoDraw = False
185.3846 	EXP 	Arrow2: ori = 90.0
185.3846 	EXP 	Arrow2: autoDraw = True
187.6268 	DATA 	Keypress: right
187.6359 	INFO 	Keyboard events cleared
187.6348 	EXP 	Arrow2: autoDraw = False
187.6348 	EXP 	Arrow2: ori = 180.0
187.6348 	EXP 	Arrow2: autoDraw = True
188.5401 	DATA 	Keypress: right
188.5516 	INFO 	Keyboard events cleared
188.5510 	EXP 	Arrow2: autoDraw = False
188.5510 	EXP 	Arrow2: ori = 270.0
188.5510 	EXP 	Arrow2: autoDraw = True
189.8091 	DATA 	Keypress: right
189.8197 	INFO 	Keyboard events cleared
189.8183 	EXP 	Arrow2: autoDraw = False
189.8183 	EXP 	Arrow2: ori = 0.0
189.8183 	EXP 	Arrow2: autoDraw = True
191.5098 	DATA 	Keypress: up
191.5194 	INFO 	Keyboard events cleared
191.5185 	EXP 	Arrow2: autoDraw = False
191.5185 	EXP 	Arrow2: ori = 270.0
191.5185 	EXP 	Arrow2: autoDraw = True
192.3892 	DATA 	Keypress: left
192.4192 	INFO 	Keyboard events cleared
192.4182 	EXP 	Arrow2: autoDraw = False
192.4182 	EXP 	Arrow2: ori = 180.0
192.4182 	EXP 	Arrow2: autoDraw = True
193.2594 	DATA 	Keypress: down
193.2684 	INFO 	Keyboard events cleared
193.2677 	EXP 	Arrow2: autoDraw = False
193.2677 	EXP 	Arrow2: ori = 180.0
193.2677 	EXP 	Arrow2: autoDraw = True
194.5093 	DATA 	Keypress: down
194.5189 	INFO 	Keyboard events cleared
194.5179 	EXP 	Arrow2: autoDraw = False
194.5179 	EXP 	Arrow2: ori = 270.0
194.5179 	EXP 	Arrow2: autoDraw = True
195.1915 	DATA 	Keypress: down
195.2016 	INFO 	Keyboard events cleared
195.2009 	EXP 	Arrow2: autoDraw = False
195.2009 	EXP 	Arrow2: ori = 180.0
195.2009 	EXP 	Arrow2: autoDraw = True
196.1250 	DATA 	Keypress: down
196.1358 	INFO 	Keyboard events cleared
196.1347 	EXP 	Arrow2: autoDraw = False
196.1347 	EXP 	Arrow2: ori = 0.0
196.1347 	EXP 	Arrow2: autoDraw = True
196.8926 	DATA 	Keypress: up
196.9028 	INFO 	Keyboard events cleared
196.9016 	EXP 	Arrow2: autoDraw = False
196.9016 	EXP 	Arrow2: ori = 270.0
196.9016 	EXP 	Arrow2: autoDraw = True
197.5751 	DATA 	Keypress: down
197.5850 	INFO 	Keyboard events cleared
197.5842 	EXP 	Arrow2: autoDraw = False
197.5842 	EXP 	Arrow2: ori = 180.0
197.5842 	EXP 	Arrow2: autoDraw = True
198.4059 	DATA 	Keypress: down
198.4507 	EXP 	Arrow2: autoDraw = False
198.4509 	EXP 	ContrastSen: status = STOPPED
198.4961 	INFO 	saved data to 'D:\\Orientation\\data/LB_ContrastSen_2025-02-25_13h29.09.258.csv'
198.5212 	INFO 	saved data to D:\Orientation\data/LB_ContrastSen_2025-02-25_13h29.09.258.psydat
